11/18/22, 02:52:41, 4, 0, :File not found.
11/18/22, 02:52:41, 4, 0, :File not found.
11/18/22, 03:20:22, 4, 0, :File not found.
11/18/22, 03:20:23, 4, 0, :File not found.
11/19/22, 16:16:23, 4, 0, C:\Users\thomas\Documents\bengkel\bengkel\bin\Debug\LaporanHarian.rpt:This field name is not known.
11/19/22, 16:16:50, 4, 0, C:\Users\thomas\Documents\bengkel\bengkel\bin\Debug\LaporanHarian.rpt:This field name is not known.
11/19/22, 16:40:11, 4, 0, :File not found.
11/19/22, 16:40:11, 4, 0, :File not found.
11/19/22, 16:42:28, 4, 0, :File not found.
11/19/22, 16:42:28, 4, 0, :File not found.
12/13/22, 02:21:13, 4, 0, C:\Users\thomas\Documents\bengkel\bengkel\bin\Debug\LaporanHarian.rpt:Error detected by database DLL.
12/13/22, 02:22:01, 4, 0, C:\Users\thomas\Documents\bengkel\bengkel\bin\Debug\LaporanHarian.rpt:Error detected by database DLL.
12/13/22, 02:27:49, 4, 0, C:\Users\thomas\Documents\bengkel\bengkel\bin\Debug\LaporanHarian.rpt:Error detected by database DLL.
12/13/22, 02:31:55, 4, 0, C:\Users\thomas\Documents\bengkel\bengkel\bin\Debug\LaporanBulanan.rpt:Error detected by database DLL.
12/13/22, 02:33:26, 4, 0, C:\Users\thomas\Documents\bengkel\bengkel\bin\Debug\LaporanBulanan.rpt:Error detected by database DLL.
12/13/22, 04:02:15, 4, 0, C:\Users\thomas\Documents\bengkel\bengkel\bin\Debug\LaporanHarian.rpt:Error detected by database DLL.
12/13/22, 04:04:46, 4, 0, C:\Users\thomas\Documents\bengkel\bengkel\bin\Debug\LaporanPeriode.rpt:Error detected by database DLL.
12/13/22, 04:13:20, 4, 0, C:\Users\thomas\Documents\bengkel\bengkel\bin\Debug\LaporanHarian.rpt:This field name is not known.
03/06/23, 08:46:21, 4, 0, C:\Users\User\Desktop\bengkel\bengkel\bengkel\bin\Debug\LaporanBulananRevisi.rpt:Error detected by database DLL.
03/06/23, 10:37:36, 4, 0, C:\Users\User\Desktop\bengkel\bengkel\bengkel\bin\Debug\LaporanBulananRevisi.rpt:Error detected by database DLL.
03/06/23, 10:39:29, 4, 0, C:\Users\User\Desktop\bengkel\bengkel\bengkel\bin\Debug\LaporanBulananRevisi.rpt:Error detected by database DLL.
03/06/23, 10:40:14, 4, 0, C:\Users\User\Desktop\bengkel\bengkel\bengkel\bin\Debug\LaporanBulananRevisi.rpt:Error detected by database DLL.
03/07/23, 10:46:57, 4, 0, C:\Users\User\Desktop\bengkel\bengkel\bengkel\bin\Debug\LaporanBulananRevisi.rpt:Error detected by database DLL.
03/07/23, 11:07:29, 4, 0, C:\Users\User\Desktop\bengkel\bengkel\bengkel\bin\Debug\LaporanBulananRevisi.rpt:Error detected by database DLL.
03/07/23, 11:23:29, 4, 0, C:\Users\User\Desktop\bengkel\bengkel\bengkel\bin\Debug\LaporanBulananRevisi.rpt:Error detected by database DLL.
